{"C:\\Users\\danielly.marques\\Desktop\\ProjetoFront\\blog\\blogProject\\src\\App.tsx": {"path":"C:\\Users\\danielly.marques\\Desktop\\ProjetoFront\\blog\\blogProject\\src\\App.tsx","all":true,"statementMap":{"0":{"start":{"line":1,"column":0},"end":{"line":1,"column":63}},"1":{"start":{"line":2,"column":0},"end":{"line":2,"column":18}},"2":{"start":{"line":3,"column":0},"end":{"line":3,"column":40}},"3":{"start":{"line":4,"column":0},"end":{"line":4,"column":33}},"4":{"start":{"line":5,"column":0},"end":{"line":5,"column":31}},"5":{"start":{"line":6,"column":0},"end":{"line":6,"column":39}},"6":{"start":{"line":7,"column":0},"end":{"line":7,"column":31}},"7":{"start":{"line":8,"column":0},"end":{"line":8,"column":31}},"9":{"start":{"line":10,"column":0},"end":{"line":10,"column":16}},"11":{"start":{"line":12,"column":0},"end":{"line":12,"column":10}},"12":{"start":{"line":13,"column":0},"end":{"line":13,"column":6}},"13":{"start":{"line":14,"column":0},"end":{"line":14,"column":21}},"14":{"start":{"line":15,"column":0},"end":{"line":15,"column":22}},"16":{"start":{"line":17,"column":0},"end":{"line":17,"column":16}},"17":{"start":{"line":18,"column":0},"end":{"line":18,"column":47}},"18":{"start":{"line":19,"column":0},"end":{"line":19,"column":51}},"19":{"start":{"line":20,"column":0},"end":{"line":20,"column":59}},"20":{"start":{"line":21,"column":0},"end":{"line":21,"column":53}},"21":{"start":{"line":22,"column":0},"end":{"line":22,"column":53}},"22":{"start":{"line":23,"column":0},"end":{"line":23,"column":17}},"23":{"start":{"line":24,"column":0},"end":{"line":24,"column":22}},"24":{"start":{"line":25,"column":0},"end":{"line":25,"column":7}},"26":{"start":{"line":27,"column":0},"end":{"line":27,"column":1}},"28":{"start":{"line":29,"column":0},"end":{"line":29,"column":18}}},"s":{"0":0,"1":0,"2":0,"3":0,"4":0,"5":0,"6":0,"7":0,"9":0,"11":0,"12":0,"13":0,"14":0,"16":0,"17":0,"18":0,"19":0,"20":0,"21":0,"22":0,"23":0,"24":0,"26":0,"28":0},"branchMap":{"0":{"type":"branch","line":1,"loc":{"start":{"line":1,"column":764},"end":{"line":29,"column":18}},"locations":[{"start":{"line":1,"column":764},"end":{"line":29,"column":18}}]}},"b":{"0":[0]},"fnMap":{"0":{"name":"(empty-report)","decl":{"start":{"line":1,"column":764},"end":{"line":29,"column":18}},"loc":{"start":{"line":1,"column":764},"end":{"line":29,"column":18}},"line":1}},"f":{"0":0}}
,"C:\\Users\\danielly.marques\\Desktop\\ProjetoFront\\blog\\blogProject\\src\\main.tsx": {"path":"C:\\Users\\danielly.marques\\Desktop\\ProjetoFront\\blog\\blogProject\\src\\main.tsx","all":true,"statementMap":{"0":{"start":{"line":1,"column":0},"end":{"line":1,"column":34}},"1":{"start":{"line":2,"column":0},"end":{"line":2,"column":45}},"2":{"start":{"line":3,"column":0},"end":{"line":3,"column":20}},"3":{"start":{"line":4,"column":0},"end":{"line":4,"column":27}},"5":{"start":{"line":6,"column":0},"end":{"line":6,"column":52}},"6":{"start":{"line":7,"column":0},"end":{"line":7,"column":14}},"7":{"start":{"line":8,"column":0},"end":{"line":8,"column":11}},"8":{"start":{"line":9,"column":0},"end":{"line":9,"column":16}},"9":{"start":{"line":10,"column":0},"end":{"line":10,"column":1}}},"s":{"0":0,"1":0,"2":0,"3":0,"5":0,"6":0,"7":0,"8":0,"9":0},"branchMap":{"0":{"type":"branch","line":1,"loc":{"start":{"line":1,"column":203},"end":{"line":10,"column":-148}},"locations":[{"start":{"line":1,"column":203},"end":{"line":10,"column":-148}}]}},"b":{"0":[0]},"fnMap":{"0":{"name":"(empty-report)","decl":{"start":{"line":1,"column":203},"end":{"line":10,"column":-148}},"loc":{"start":{"line":1,"column":203},"end":{"line":10,"column":-148}},"line":1}},"f":{"0":0}}
,"C:\\Users\\danielly.marques\\Desktop\\ProjetoFront\\blog\\blogProject\\src\\components\\typesComponent.ts": {"path":"C:\\Users\\danielly.marques\\Desktop\\ProjetoFront\\blog\\blogProject\\src\\components\\typesComponent.ts","all":true,"statementMap":{},"s":{},"branchMap":{"0":{"type":"branch","line":1,"loc":{"start":{"line":1,"column":69},"end":{"line":4,"column":1}},"locations":[{"start":{"line":1,"column":69},"end":{"line":4,"column":1}}]}},"b":{"0":[1]},"fnMap":{"0":{"name":"(empty-report)","decl":{"start":{"line":1,"column":69},"end":{"line":4,"column":1}},"loc":{"start":{"line":1,"column":69},"end":{"line":4,"column":1}},"line":1}},"f":{"0":1}}
,"C:\\Users\\danielly.marques\\Desktop\\ProjetoFront\\blog\\blogProject\\src\\components\\blogList\\index.tsx": {"path":"C:\\Users\\danielly.marques\\Desktop\\ProjetoFront\\blog\\blogProject\\src\\components\\blogList\\index.tsx","all":false,"statementMap":{"0":{"start":{"line":1,"column":0},"end":{"line":1,"column":33}},"1":{"start":{"line":2,"column":0},"end":{"line":2,"column":39}},"2":{"start":{"line":3,"column":0},"end":{"line":3,"column":41}},"3":{"start":{"line":4,"column":0},"end":{"line":4,"column":47}},"14":{"start":{"line":15,"column":0},"end":{"line":15,"column":19}},"15":{"start":{"line":16,"column":0},"end":{"line":16,"column":9}},"16":{"start":{"line":17,"column":0},"end":{"line":17,"column":11}},"17":{"start":{"line":18,"column":0},"end":{"line":18,"column":10}},"18":{"start":{"line":19,"column":0},"end":{"line":19,"column":13}},"19":{"start":{"line":20,"column":0},"end":{"line":20,"column":13}},"20":{"start":{"line":21,"column":0},"end":{"line":21,"column":7}},"21":{"start":{"line":22,"column":0},"end":{"line":22,"column":35}},"22":{"start":{"line":23,"column":0},"end":{"line":23,"column":35}},"23":{"start":{"line":24,"column":0},"end":{"line":24,"column":55}},"24":{"start":{"line":25,"column":0},"end":{"line":25,"column":27}},"25":{"start":{"line":26,"column":0},"end":{"line":26,"column":46}},"26":{"start":{"line":27,"column":0},"end":{"line":27,"column":6}},"27":{"start":{"line":28,"column":0},"end":{"line":28,"column":43}},"28":{"start":{"line":29,"column":0},"end":{"line":29,"column":32}},"29":{"start":{"line":30,"column":0},"end":{"line":30,"column":6}},"30":{"start":{"line":31,"column":0},"end":{"line":31,"column":12}},"31":{"start":{"line":32,"column":0},"end":{"line":32,"column":36}},"32":{"start":{"line":33,"column":0},"end":{"line":33,"column":45}},"33":{"start":{"line":34,"column":0},"end":{"line":34,"column":52}},"34":{"start":{"line":35,"column":0},"end":{"line":35,"column":58}},"35":{"start":{"line":36,"column":0},"end":{"line":36,"column":58}},"36":{"start":{"line":37,"column":0},"end":{"line":37,"column":76}},"37":{"start":{"line":38,"column":0},"end":{"line":38,"column":32}},"38":{"start":{"line":39,"column":0},"end":{"line":39,"column":59}},"39":{"start":{"line":40,"column":0},"end":{"line":40,"column":49}},"40":{"start":{"line":41,"column":0},"end":{"line":41,"column":36}},"41":{"start":{"line":42,"column":0},"end":{"line":42,"column":38}},"42":{"start":{"line":43,"column":0},"end":{"line":43,"column":18}},"43":{"start":{"line":44,"column":0},"end":{"line":44,"column":18}},"44":{"start":{"line":45,"column":0},"end":{"line":45,"column":16}},"45":{"start":{"line":46,"column":0},"end":{"line":46,"column":49}},"46":{"start":{"line":47,"column":0},"end":{"line":47,"column":63}},"47":{"start":{"line":48,"column":0},"end":{"line":48,"column":19}},"48":{"start":{"line":49,"column":0},"end":{"line":49,"column":14}},"50":{"start":{"line":51,"column":0},"end":{"line":51,"column":2}},"52":{"start":{"line":53,"column":0},"end":{"line":53,"column":24}}},"s":{"0":1,"1":1,"2":1,"3":1,"14":1,"15":12,"16":12,"17":12,"18":12,"19":12,"20":12,"21":12,"22":12,"23":12,"24":12,"25":12,"26":12,"27":12,"28":2,"29":2,"30":12,"31":12,"32":12,"33":12,"34":12,"35":12,"36":12,"37":12,"38":12,"39":12,"40":12,"41":12,"42":12,"43":12,"44":12,"45":12,"46":12,"47":12,"48":12,"50":12,"52":1},"branchMap":{"0":{"type":"branch","line":15,"loc":{"start":{"line":15,"column":17},"end":{"line":51,"column":2}},"locations":[{"start":{"line":15,"column":17},"end":{"line":51,"column":2}}]},"1":{"type":"branch","line":24,"loc":{"start":{"line":24,"column":27},"end":{"line":27,"column":6}},"locations":[{"start":{"line":24,"column":27},"end":{"line":27,"column":6}}]},"2":{"type":"branch","line":28,"loc":{"start":{"line":28,"column":26},"end":{"line":30,"column":6}},"locations":[{"start":{"line":28,"column":26},"end":{"line":30,"column":6}}]},"3":{"type":"branch","line":39,"loc":{"start":{"line":39,"column":35},"end":{"line":39,"column":59}},"locations":[{"start":{"line":39,"column":35},"end":{"line":39,"column":59}}]}},"b":{"0":[12],"1":[12],"2":[2],"3":[2]},"fnMap":{"0":{"name":"BlogList","decl":{"start":{"line":15,"column":17},"end":{"line":51,"column":2}},"loc":{"start":{"line":15,"column":17},"end":{"line":51,"column":2}},"line":15},"1":{"name":"formatarResumo","decl":{"start":{"line":24,"column":27},"end":{"line":27,"column":6}},"loc":{"start":{"line":24,"column":27},"end":{"line":27,"column":6}},"line":24},"2":{"name":"handleOnClick","decl":{"start":{"line":28,"column":26},"end":{"line":30,"column":6}},"loc":{"start":{"line":28,"column":26},"end":{"line":30,"column":6}},"line":28},"3":{"name":"handleOnClick","decl":{"start":{"line":39,"column":35},"end":{"line":39,"column":59}},"loc":{"start":{"line":39,"column":35},"end":{"line":39,"column":59}},"line":39}},"f":{"0":12,"1":12,"2":2,"3":2}}
,"C:\\Users\\danielly.marques\\Desktop\\ProjetoFront\\blog\\blogProject\\src\\components\\buttons\\index.tsx": {"path":"C:\\Users\\danielly.marques\\Desktop\\ProjetoFront\\blog\\blogProject\\src\\components\\buttons\\index.tsx","all":false,"statementMap":{"0":{"start":{"line":1,"column":0},"end":{"line":1,"column":39}},"1":{"start":{"line":2,"column":0},"end":{"line":2,"column":39}},"11":{"start":{"line":12,"column":0},"end":{"line":12,"column":120}},"12":{"start":{"line":13,"column":0},"end":{"line":13,"column":12}},"13":{"start":{"line":14,"column":0},"end":{"line":14,"column":143}},"14":{"start":{"line":15,"column":0},"end":{"line":15,"column":18}},"15":{"start":{"line":16,"column":0},"end":{"line":16,"column":17}},"17":{"start":{"line":18,"column":0},"end":{"line":18,"column":1}},"19":{"start":{"line":20,"column":0},"end":{"line":20,"column":31}}},"s":{"0":1,"1":1,"11":1,"12":12,"13":12,"14":12,"15":12,"17":12,"19":1},"branchMap":{"0":{"type":"branch","line":12,"loc":{"start":{"line":12,"column":24},"end":{"line":18,"column":1}},"locations":[{"start":{"line":12,"column":24},"end":{"line":18,"column":1}}]}},"b":{"0":[12]},"fnMap":{"0":{"name":"ButtonComponent","decl":{"start":{"line":12,"column":24},"end":{"line":18,"column":1}},"loc":{"start":{"line":12,"column":24},"end":{"line":18,"column":1}},"line":12}},"f":{"0":12}}
,"C:\\Users\\danielly.marques\\Desktop\\ProjetoFront\\blog\\blogProject\\src\\components\\menu\\index.tsx": {"path":"C:\\Users\\danielly.marques\\Desktop\\ProjetoFront\\blog\\blogProject\\src\\components\\menu\\index.tsx","all":false,"statementMap":{"0":{"start":{"line":1,"column":0},"end":{"line":1,"column":40}},"1":{"start":{"line":2,"column":0},"end":{"line":2,"column":70}},"2":{"start":{"line":3,"column":0},"end":{"line":3,"column":38}},"3":{"start":{"line":4,"column":0},"end":{"line":4,"column":40}},"9":{"start":{"line":10,"column":0},"end":{"line":10,"column":60}},"10":{"start":{"line":11,"column":0},"end":{"line":11,"column":12}},"11":{"start":{"line":12,"column":0},"end":{"line":12,"column":35}},"12":{"start":{"line":13,"column":0},"end":{"line":13,"column":41}},"13":{"start":{"line":14,"column":0},"end":{"line":14,"column":52}},"14":{"start":{"line":15,"column":0},"end":{"line":15,"column":41}},"15":{"start":{"line":16,"column":0},"end":{"line":16,"column":86}},"16":{"start":{"line":17,"column":0},"end":{"line":17,"column":43}},"17":{"start":{"line":18,"column":0},"end":{"line":18,"column":31}},"18":{"start":{"line":19,"column":0},"end":{"line":19,"column":25}},"19":{"start":{"line":20,"column":0},"end":{"line":20,"column":19}},"20":{"start":{"line":21,"column":0},"end":{"line":21,"column":17}},"21":{"start":{"line":22,"column":0},"end":{"line":22,"column":14}},"23":{"start":{"line":24,"column":0},"end":{"line":24,"column":2}},"25":{"start":{"line":26,"column":0},"end":{"line":26,"column":20}}},"s":{"0":1,"1":1,"2":1,"3":1,"9":1,"10":8,"11":8,"12":8,"13":8,"14":32,"15":32,"16":32,"17":32,"18":32,"19":8,"20":8,"21":8,"23":8,"25":1},"branchMap":{"0":{"type":"branch","line":10,"loc":{"start":{"line":10,"column":13},"end":{"line":24,"column":2}},"locations":[{"start":{"line":10,"column":13},"end":{"line":24,"column":2}}]},"1":{"type":"branch","line":14,"loc":{"start":{"line":14,"column":38},"end":{"line":19,"column":25}},"locations":[{"start":{"line":14,"column":38},"end":{"line":19,"column":25}}]}},"b":{"0":[8],"1":[32]},"fnMap":{"0":{"name":"Menu","decl":{"start":{"line":10,"column":13},"end":{"line":24,"column":2}},"loc":{"start":{"line":10,"column":13},"end":{"line":24,"column":2}},"line":10}},"f":{"0":8}}
,"C:\\Users\\danielly.marques\\Desktop\\ProjetoFront\\blog\\blogProject\\src\\components\\navbar\\index.tsx": {"path":"C:\\Users\\danielly.marques\\Desktop\\ProjetoFront\\blog\\blogProject\\src\\components\\navbar\\index.tsx","all":false,"statementMap":{"0":{"start":{"line":1,"column":0},"end":{"line":1,"column":54}},"1":{"start":{"line":2,"column":0},"end":{"line":2,"column":41}},"2":{"start":{"line":3,"column":0},"end":{"line":3,"column":49}},"3":{"start":{"line":4,"column":0},"end":{"line":4,"column":43}},"4":{"start":{"line":5,"column":0},"end":{"line":5,"column":39}},"5":{"start":{"line":6,"column":0},"end":{"line":6,"column":27}},"6":{"start":{"line":7,"column":0},"end":{"line":7,"column":47}},"8":{"start":{"line":9,"column":0},"end":{"line":9,"column":35}},"10":{"start":{"line":11,"column":0},"end":{"line":11,"column":35}},"11":{"start":{"line":12,"column":0},"end":{"line":12,"column":41}},"12":{"start":{"line":13,"column":0},"end":{"line":13,"column":52}},"14":{"start":{"line":15,"column":0},"end":{"line":15,"column":67}},"15":{"start":{"line":16,"column":0},"end":{"line":16,"column":33}},"16":{"start":{"line":17,"column":0},"end":{"line":17,"column":35}},"17":{"start":{"line":18,"column":0},"end":{"line":18,"column":7}},"19":{"start":{"line":20,"column":0},"end":{"line":20,"column":21}},"20":{"start":{"line":21,"column":0},"end":{"line":21,"column":36}},"21":{"start":{"line":22,"column":0},"end":{"line":22,"column":27}},"22":{"start":{"line":23,"column":0},"end":{"line":23,"column":41}},"23":{"start":{"line":24,"column":0},"end":{"line":24,"column":43}},"24":{"start":{"line":25,"column":0},"end":{"line":25,"column":15}},"25":{"start":{"line":26,"column":0},"end":{"line":26,"column":10}},"27":{"start":{"line":28,"column":0},"end":{"line":28,"column":56}},"28":{"start":{"line":29,"column":0},"end":{"line":29,"column":22}},"29":{"start":{"line":30,"column":0},"end":{"line":30,"column":63}},"30":{"start":{"line":31,"column":0},"end":{"line":31,"column":10}},"31":{"start":{"line":32,"column":0},"end":{"line":32,"column":11}},"33":{"start":{"line":34,"column":0},"end":{"line":34,"column":68}},"34":{"start":{"line":35,"column":0},"end":{"line":35,"column":80}},"35":{"start":{"line":36,"column":0},"end":{"line":36,"column":6}},"36":{"start":{"line":37,"column":0},"end":{"line":37,"column":30}},"37":{"start":{"line":38,"column":0},"end":{"line":38,"column":31}},"38":{"start":{"line":39,"column":0},"end":{"line":39,"column":6}},"40":{"start":{"line":41,"column":0},"end":{"line":41,"column":12}},"41":{"start":{"line":42,"column":0},"end":{"line":42,"column":10}},"42":{"start":{"line":43,"column":0},"end":{"line":43,"column":45}},"43":{"start":{"line":44,"column":0},"end":{"line":44,"column":44}},"44":{"start":{"line":45,"column":0},"end":{"line":45,"column":49}},"45":{"start":{"line":46,"column":0},"end":{"line":46,"column":49}},"46":{"start":{"line":47,"column":0},"end":{"line":47,"column":44}},"47":{"start":{"line":48,"column":0},"end":{"line":48,"column":71}},"48":{"start":{"line":49,"column":0},"end":{"line":49,"column":26}},"49":{"start":{"line":50,"column":0},"end":{"line":50,"column":22}},"50":{"start":{"line":51,"column":0},"end":{"line":51,"column":44}},"51":{"start":{"line":52,"column":0},"end":{"line":52,"column":62}},"53":{"start":{"line":54,"column":0},"end":{"line":54,"column":25}},"54":{"start":{"line":55,"column":0},"end":{"line":55,"column":77}},"55":{"start":{"line":56,"column":0},"end":{"line":56,"column":41}},"56":{"start":{"line":57,"column":0},"end":{"line":57,"column":84}},"58":{"start":{"line":59,"column":0},"end":{"line":59,"column":61}},"60":{"start":{"line":61,"column":0},"end":{"line":61,"column":30}},"61":{"start":{"line":62,"column":0},"end":{"line":62,"column":80}},"62":{"start":{"line":63,"column":0},"end":{"line":63,"column":26}},"64":{"start":{"line":65,"column":0},"end":{"line":65,"column":21}},"65":{"start":{"line":66,"column":0},"end":{"line":66,"column":11}},"67":{"start":{"line":68,"column":0},"end":{"line":68,"column":2}},"69":{"start":{"line":70,"column":0},"end":{"line":70,"column":22}}},"s":{"0":1,"1":1,"2":1,"3":1,"4":1,"5":1,"6":1,"8":1,"10":6,"11":6,"12":6,"14":6,"15":6,"16":6,"17":6,"19":6,"20":5,"21":0,"22":0,"23":0,"24":0,"25":0,"27":5,"28":5,"29":5,"30":5,"31":6,"33":6,"34":16,"35":16,"36":6,"37":1,"38":1,"40":6,"41":6,"42":6,"43":6,"44":6,"45":6,"46":6,"47":6,"48":6,"49":6,"50":6,"51":3,"53":3,"54":3,"55":3,"56":1,"58":2,"60":3,"61":3,"62":3,"64":6,"65":6,"67":6,"69":1},"branchMap":{"0":{"type":"branch","line":9,"loc":{"start":{"line":9,"column":15},"end":{"line":68,"column":2}},"locations":[{"start":{"line":9,"column":15},"end":{"line":68,"column":2}}]},"1":{"type":"branch","line":51,"loc":{"start":{"line":51,"column":37},"end":{"line":52,"column":62}},"locations":[{"start":{"line":51,"column":37},"end":{"line":52,"column":62}}]},"2":{"type":"branch","line":52,"loc":{"start":{"line":52,"column":60},"end":{"line":63,"column":26}},"locations":[{"start":{"line":52,"column":60},"end":{"line":63,"column":26}}]},"3":{"type":"branch","line":56,"loc":{"start":{"line":56,"column":29},"end":{"line":57,"column":84}},"locations":[{"start":{"line":56,"column":29},"end":{"line":57,"column":84}}]},"4":{"type":"branch","line":57,"loc":{"start":{"line":57,"column":82},"end":{"line":59,"column":61}},"locations":[{"start":{"line":57,"column":82},"end":{"line":59,"column":61}}]},"5":{"type":"branch","line":62,"loc":{"start":{"line":62,"column":25},"end":{"line":62,"column":80}},"locations":[{"start":{"line":62,"column":25},"end":{"line":62,"column":80}}]},"6":{"type":"branch","line":20,"loc":{"start":{"line":20,"column":14},"end":{"line":32,"column":7}},"locations":[{"start":{"line":20,"column":14},"end":{"line":32,"column":7}}]},"7":{"type":"branch","line":29,"loc":{"start":{"line":29,"column":15},"end":{"line":31,"column":10}},"locations":[{"start":{"line":29,"column":15},"end":{"line":31,"column":10}}]},"8":{"type":"branch","line":34,"loc":{"start":{"line":34,"column":28},"end":{"line":36,"column":6}},"locations":[{"start":{"line":34,"column":28},"end":{"line":36,"column":6}}]},"9":{"type":"branch","line":35,"loc":{"start":{"line":35,"column":30},"end":{"line":35,"column":77}},"locations":[{"start":{"line":35,"column":30},"end":{"line":35,"column":77}}]},"10":{"type":"branch","line":35,"loc":{"start":{"line":35,"column":73},"end":{"line":35,"column":80}},"locations":[{"start":{"line":35,"column":73},"end":{"line":35,"column":80}}]},"11":{"type":"branch","line":37,"loc":{"start":{"line":37,"column":23},"end":{"line":39,"column":6}},"locations":[{"start":{"line":37,"column":23},"end":{"line":39,"column":6}}]}},"b":{"0":[6],"1":[3],"2":[3],"3":[1],"4":[2],"5":[1],"6":[5],"7":[5],"8":[16],"9":[4],"10":[12],"11":[1]},"fnMap":{"0":{"name":"Navbar","decl":{"start":{"line":9,"column":15},"end":{"line":68,"column":2}},"loc":{"start":{"line":9,"column":15},"end":{"line":68,"column":2}},"line":9},"1":{"name":"handleResize","decl":{"start":{"line":21,"column":29},"end":{"line":26,"column":10}},"loc":{"start":{"line":21,"column":29},"end":{"line":26,"column":10}},"line":21},"2":{"name":"getNavLinkStyle","decl":{"start":{"line":34,"column":28},"end":{"line":36,"column":6}},"loc":{"start":{"line":34,"column":28},"end":{"line":36,"column":6}},"line":34},"3":{"name":"toggleMenu","decl":{"start":{"line":37,"column":23},"end":{"line":39,"column":6}},"loc":{"start":{"line":37,"column":23},"end":{"line":39,"column":6}},"line":37}},"f":{"0":6,"1":0,"2":16,"3":1}}
,"C:\\Users\\danielly.marques\\Desktop\\ProjetoFront\\blog\\blogProject\\src\\pages\\about\\index.tsx": {"path":"C:\\Users\\danielly.marques\\Desktop\\ProjetoFront\\blog\\blogProject\\src\\pages\\about\\index.tsx","all":true,"statementMap":{"0":{"start":{"line":1,"column":0},"end":{"line":1,"column":25}},"2":{"start":{"line":3,"column":0},"end":{"line":3,"column":21}},"3":{"start":{"line":4,"column":0},"end":{"line":4,"column":10}},"4":{"start":{"line":5,"column":0},"end":{"line":5,"column":20}},"6":{"start":{"line":7,"column":0},"end":{"line":7,"column":1}},"8":{"start":{"line":9,"column":0},"end":{"line":9,"column":21}}},"s":{"0":0,"2":0,"3":0,"4":0,"6":0,"8":0},"branchMap":{"0":{"type":"branch","line":1,"loc":{"start":{"line":1,"column":109},"end":{"line":9,"column":21}},"locations":[{"start":{"line":1,"column":109},"end":{"line":9,"column":21}}]}},"b":{"0":[0]},"fnMap":{"0":{"name":"(empty-report)","decl":{"start":{"line":1,"column":109},"end":{"line":9,"column":21}},"loc":{"start":{"line":1,"column":109},"end":{"line":9,"column":21}},"line":1}},"f":{"0":0}}
,"C:\\Users\\danielly.marques\\Desktop\\ProjetoFront\\blog\\blogProject\\src\\pages\\blog\\index.tsx": {"path":"C:\\Users\\danielly.marques\\Desktop\\ProjetoFront\\blog\\blogProject\\src\\pages\\blog\\index.tsx","all":false,"statementMap":{"1":{"start":{"line":2,"column":0},"end":{"line":2,"column":49}},"2":{"start":{"line":3,"column":0},"end":{"line":3,"column":39}},"4":{"start":{"line":5,"column":0},"end":{"line":5,"column":54}},"8":{"start":{"line":9,"column":0},"end":{"line":9,"column":33}},"9":{"start":{"line":10,"column":0},"end":{"line":10,"column":10}},"10":{"start":{"line":11,"column":0},"end":{"line":11,"column":31}},"11":{"start":{"line":12,"column":0},"end":{"line":12,"column":44}},"12":{"start":{"line":13,"column":0},"end":{"line":13,"column":40}},"13":{"start":{"line":14,"column":0},"end":{"line":14,"column":40}},"14":{"start":{"line":15,"column":0},"end":{"line":15,"column":19}},"15":{"start":{"line":16,"column":0},"end":{"line":16,"column":25}},"16":{"start":{"line":17,"column":0},"end":{"line":17,"column":24}},"17":{"start":{"line":18,"column":0},"end":{"line":18,"column":28}},"18":{"start":{"line":19,"column":0},"end":{"line":19,"column":32}},"19":{"start":{"line":20,"column":0},"end":{"line":20,"column":30}},"20":{"start":{"line":21,"column":0},"end":{"line":21,"column":36}},"21":{"start":{"line":22,"column":0},"end":{"line":22,"column":36}},"22":{"start":{"line":23,"column":0},"end":{"line":23,"column":12}},"23":{"start":{"line":24,"column":0},"end":{"line":24,"column":11}},"24":{"start":{"line":25,"column":0},"end":{"line":25,"column":12}},"25":{"start":{"line":26,"column":0},"end":{"line":26,"column":10}},"27":{"start":{"line":28,"column":0},"end":{"line":28,"column":1}},"28":{"start":{"line":29,"column":0},"end":{"line":29,"column":20}}},"s":{"1":1,"2":1,"4":1,"8":1,"9":2,"10":2,"11":2,"12":2,"13":2,"14":10,"15":10,"16":10,"17":10,"18":10,"19":10,"20":10,"21":10,"22":10,"23":2,"24":2,"25":2,"27":2,"28":1},"branchMap":{"0":{"type":"branch","line":9,"loc":{"start":{"line":9,"column":13},"end":{"line":28,"column":1}},"locations":[{"start":{"line":9,"column":13},"end":{"line":28,"column":1}}]},"1":{"type":"branch","line":14,"loc":{"start":{"line":14,"column":23},"end":{"line":23,"column":12}},"locations":[{"start":{"line":14,"column":23},"end":{"line":23,"column":12}}]}},"b":{"0":[2],"1":[10]},"fnMap":{"0":{"name":"Blog","decl":{"start":{"line":9,"column":13},"end":{"line":28,"column":1}},"loc":{"start":{"line":9,"column":13},"end":{"line":28,"column":1}},"line":9}},"f":{"0":2}}
,"C:\\Users\\danielly.marques\\Desktop\\ProjetoFront\\blog\\blogProject\\src\\pages\\blogPost\\index.tsx": {"path":"C:\\Users\\danielly.marques\\Desktop\\ProjetoFront\\blog\\blogProject\\src\\pages\\blogPost\\index.tsx","all":false,"statementMap":{"0":{"start":{"line":1,"column":0},"end":{"line":1,"column":25}},"2":{"start":{"line":3,"column":0},"end":{"line":3,"column":24}},"3":{"start":{"line":4,"column":0},"end":{"line":4,"column":10}},"4":{"start":{"line":5,"column":0},"end":{"line":5,"column":23}},"6":{"start":{"line":7,"column":0},"end":{"line":7,"column":1}},"8":{"start":{"line":9,"column":0},"end":{"line":9,"column":24}}},"s":{"0":1,"2":1,"3":0,"4":0,"6":0,"8":1},"branchMap":{},"b":{},"fnMap":{"0":{"name":"BlogPost","decl":{"start":{"line":3,"column":17},"end":{"line":7,"column":1}},"loc":{"start":{"line":3,"column":17},"end":{"line":7,"column":1}},"line":3}},"f":{"0":0}}
,"C:\\Users\\danielly.marques\\Desktop\\ProjetoFront\\blog\\blogProject\\src\\pages\\home\\index.tsx": {"path":"C:\\Users\\danielly.marques\\Desktop\\ProjetoFront\\blog\\blogProject\\src\\pages\\home\\index.tsx","all":true,"statementMap":{"0":{"start":{"line":1,"column":0},"end":{"line":1,"column":25}},"2":{"start":{"line":3,"column":0},"end":{"line":3,"column":20}},"3":{"start":{"line":4,"column":0},"end":{"line":4,"column":10}},"4":{"start":{"line":5,"column":0},"end":{"line":5,"column":19}},"6":{"start":{"line":7,"column":0},"end":{"line":7,"column":1}},"8":{"start":{"line":9,"column":0},"end":{"line":9,"column":19}}},"s":{"0":0,"2":0,"3":0,"4":0,"6":0,"8":0},"branchMap":{"0":{"type":"branch","line":1,"loc":{"start":{"line":1,"column":105},"end":{"line":9,"column":19}},"locations":[{"start":{"line":1,"column":105},"end":{"line":9,"column":19}}]}},"b":{"0":[0]},"fnMap":{"0":{"name":"(empty-report)","decl":{"start":{"line":1,"column":105},"end":{"line":9,"column":19}},"loc":{"start":{"line":1,"column":105},"end":{"line":9,"column":19}},"line":1}},"f":{"0":0}}
,"C:\\Users\\danielly.marques\\Desktop\\ProjetoFront\\blog\\blogProject\\src\\pages\\post\\index.tsx": {"path":"C:\\Users\\danielly.marques\\Desktop\\ProjetoFront\\blog\\blogProject\\src\\pages\\post\\index.tsx","all":true,"statementMap":{"0":{"start":{"line":1,"column":0},"end":{"line":1,"column":25}},"2":{"start":{"line":3,"column":0},"end":{"line":3,"column":20}},"3":{"start":{"line":4,"column":0},"end":{"line":4,"column":10}},"4":{"start":{"line":5,"column":0},"end":{"line":5,"column":19}},"6":{"start":{"line":7,"column":0},"end":{"line":7,"column":1}},"8":{"start":{"line":9,"column":0},"end":{"line":9,"column":20}}},"s":{"0":0,"2":0,"3":0,"4":0,"6":0,"8":0},"branchMap":{"0":{"type":"branch","line":1,"loc":{"start":{"line":1,"column":106},"end":{"line":9,"column":20}},"locations":[{"start":{"line":1,"column":106},"end":{"line":9,"column":20}}]}},"b":{"0":[0]},"fnMap":{"0":{"name":"(empty-report)","decl":{"start":{"line":1,"column":106},"end":{"line":9,"column":20}},"loc":{"start":{"line":1,"column":106},"end":{"line":9,"column":20}},"line":1}},"f":{"0":0}}
,"C:\\Users\\danielly.marques\\Desktop\\ProjetoFront\\blog\\blogProject\\src\\utils\\content\\menuContentItens.ts": {"path":"C:\\Users\\danielly.marques\\Desktop\\ProjetoFront\\blog\\blogProject\\src\\utils\\content\\menuContentItens.ts","all":false,"statementMap":{"2":{"start":{"line":3,"column":0},"end":{"line":3,"column":50}},"3":{"start":{"line":4,"column":0},"end":{"line":4,"column":38}},"4":{"start":{"line":5,"column":0},"end":{"line":5,"column":42}},"5":{"start":{"line":6,"column":0},"end":{"line":6,"column":48}},"6":{"start":{"line":7,"column":0},"end":{"line":7,"column":47}},"7":{"start":{"line":8,"column":0},"end":{"line":8,"column":2}},"9":{"start":{"line":10,"column":0},"end":{"line":10,"column":32}}},"s":{"2":1,"3":1,"4":1,"5":1,"6":1,"7":1,"9":1},"branchMap":{},"b":{},"fnMap":{},"f":{}}
,"C:\\Users\\danielly.marques\\Desktop\\ProjetoFront\\blog\\blogProject\\src\\utils\\interfaces\\MenuContentInterface.ts": {"path":"C:\\Users\\danielly.marques\\Desktop\\ProjetoFront\\blog\\blogProject\\src\\utils\\interfaces\\MenuContentInterface.ts","all":true,"statementMap":{},"s":{},"branchMap":{"0":{"type":"branch","line":1,"loc":{"start":{"line":1,"column":88},"end":{"line":5,"column":1}},"locations":[{"start":{"line":1,"column":88},"end":{"line":5,"column":1}}]}},"b":{"0":[1]},"fnMap":{"0":{"name":"(empty-report)","decl":{"start":{"line":1,"column":88},"end":{"line":5,"column":1}},"loc":{"start":{"line":1,"column":88},"end":{"line":5,"column":1}},"line":1}},"f":{"0":1}}
,"C:\\Users\\danielly.marques\\Desktop\\ProjetoFront\\blog\\blogProject\\src\\utils\\mock\\postInterface.ts": {"path":"C:\\Users\\danielly.marques\\Desktop\\ProjetoFront\\blog\\blogProject\\src\\utils\\mock\\postInterface.ts","all":true,"statementMap":{},"s":{},"branchMap":{"0":{"type":"branch","line":1,"loc":{"start":{"line":1,"column":149},"end":{"line":8,"column":1}},"locations":[{"start":{"line":1,"column":149},"end":{"line":8,"column":1}}]}},"b":{"0":[1]},"fnMap":{"0":{"name":"(empty-report)","decl":{"start":{"line":1,"column":149},"end":{"line":8,"column":1}},"loc":{"start":{"line":1,"column":149},"end":{"line":8,"column":1}},"line":1}},"f":{"0":1}}
,"C:\\Users\\danielly.marques\\Desktop\\ProjetoFront\\blog\\blogProject\\src\\utils\\mock\\postMock.ts": {"path":"C:\\Users\\danielly.marques\\Desktop\\ProjetoFront\\blog\\blogProject\\src\\utils\\mock\\postMock.ts","all":false,"statementMap":{"2":{"start":{"line":3,"column":0},"end":{"line":3,"column":34}},"3":{"start":{"line":4,"column":0},"end":{"line":4,"column":5}},"4":{"start":{"line":5,"column":0},"end":{"line":5,"column":14}},"5":{"start":{"line":6,"column":0},"end":{"line":6,"column":39}},"6":{"start":{"line":7,"column":0},"end":{"line":7,"column":59}},"7":{"start":{"line":8,"column":0},"end":{"line":8,"column":26}},"8":{"start":{"line":9,"column":0},"end":{"line":9,"column":401}},"9":{"start":{"line":10,"column":0},"end":{"line":10,"column":17}},"10":{"start":{"line":11,"column":0},"end":{"line":11,"column":105}},"11":{"start":{"line":12,"column":0},"end":{"line":12,"column":6}},"13":{"start":{"line":14,"column":0},"end":{"line":14,"column":5}},"14":{"start":{"line":15,"column":0},"end":{"line":15,"column":14}},"15":{"start":{"line":16,"column":0},"end":{"line":16,"column":39}},"16":{"start":{"line":17,"column":0},"end":{"line":17,"column":46}},"17":{"start":{"line":18,"column":0},"end":{"line":18,"column":28}},"18":{"start":{"line":19,"column":0},"end":{"line":19,"column":463}},"19":{"start":{"line":20,"column":0},"end":{"line":20,"column":17}},"20":{"start":{"line":21,"column":0},"end":{"line":21,"column":181}},"21":{"start":{"line":22,"column":0},"end":{"line":22,"column":6}},"23":{"start":{"line":24,"column":0},"end":{"line":24,"column":5}},"24":{"start":{"line":25,"column":0},"end":{"line":25,"column":14}},"25":{"start":{"line":26,"column":0},"end":{"line":26,"column":39}},"26":{"start":{"line":27,"column":0},"end":{"line":27,"column":45}},"27":{"start":{"line":28,"column":0},"end":{"line":28,"column":29}},"28":{"start":{"line":29,"column":0},"end":{"line":29,"column":477}},"29":{"start":{"line":30,"column":0},"end":{"line":30,"column":17}},"30":{"start":{"line":31,"column":0},"end":{"line":31,"column":181}},"31":{"start":{"line":32,"column":0},"end":{"line":32,"column":6}},"33":{"start":{"line":34,"column":0},"end":{"line":34,"column":5}},"34":{"start":{"line":35,"column":0},"end":{"line":35,"column":14}},"35":{"start":{"line":36,"column":0},"end":{"line":36,"column":39}},"36":{"start":{"line":37,"column":0},"end":{"line":37,"column":47}},"37":{"start":{"line":38,"column":0},"end":{"line":38,"column":31}},"38":{"start":{"line":39,"column":0},"end":{"line":39,"column":457}},"39":{"start":{"line":40,"column":0},"end":{"line":40,"column":17}},"40":{"start":{"line":41,"column":0},"end":{"line":41,"column":187}},"41":{"start":{"line":42,"column":0},"end":{"line":42,"column":6}},"43":{"start":{"line":44,"column":0},"end":{"line":44,"column":5}},"44":{"start":{"line":45,"column":0},"end":{"line":45,"column":14}},"45":{"start":{"line":46,"column":0},"end":{"line":46,"column":38}},"46":{"start":{"line":47,"column":0},"end":{"line":47,"column":46}},"47":{"start":{"line":48,"column":0},"end":{"line":48,"column":30}},"48":{"start":{"line":49,"column":0},"end":{"line":49,"column":481}},"49":{"start":{"line":50,"column":0},"end":{"line":50,"column":17}},"50":{"start":{"line":51,"column":0},"end":{"line":51,"column":181}},"51":{"start":{"line":52,"column":0},"end":{"line":52,"column":6}},"52":{"start":{"line":53,"column":0},"end":{"line":53,"column":2}}},"s":{"2":1,"3":1,"4":1,"5":1,"6":1,"7":1,"8":1,"9":1,"10":1,"11":1,"13":1,"14":1,"15":1,"16":1,"17":1,"18":1,"19":1,"20":1,"21":1,"23":1,"24":1,"25":1,"26":1,"27":1,"28":1,"29":1,"30":1,"31":1,"33":1,"34":1,"35":1,"36":1,"37":1,"38":1,"39":1,"40":1,"41":1,"43":1,"44":1,"45":1,"46":1,"47":1,"48":1,"49":1,"50":1,"51":1,"52":1},"branchMap":{},"b":{},"fnMap":{},"f":{}}
}
